This is pdfTeX, Version 3.1415926-2.3-1.40.12 (MiKTeX 2.9) (preloaded format=pdflatex 2011.12.12)  14 NOV 2013 19:45
entering extended mode
**C:/New*folder*(2)/Kolda*Work/For*Barna/Write-up-old/windows_latex_template/IE
EEtran5/bare_conf.tex

("C:/New folder (2)/Kolda Work/For Barna/Write-up-old/windows_latex_template/IE
EEtran5/bare_conf.tex"
LaTeX2e <2011/06/27>
Babel <v3.8m> and hyphenation patterns for english, afrikaans, ancientgreek, ar
abic, armenian, assamese, basque, bengali, bokmal, bulgarian, catalan, coptic, 
croatian, czech, danish, dutch, esperanto, estonian, farsi, finnish, french, ga
lician, german, german-x-2009-06-19, greek, gujarati, hindi, hungarian, iceland
ic, indonesian, interlingua, irish, italian, kannada, kurmanji, lao, latin, lat
vian, lithuanian, malayalam, marathi, mongolian, mongolianlmc, monogreek, ngerm
an, ngerman-x-2009-06-19, nynorsk, oriya, panjabi, pinyin, polish, portuguese, 
romanian, russian, sanskrit, serbian, slovak, slovenian, spanish, swedish, swis
sgerman, tamil, telugu, turkish, turkmen, ukenglish, ukrainian, uppersorbian, u
senglishmax, welsh, loaded.

("C:\New folder (2)\Kolda Work\For Barna\Write-up-old\windows_latex_template\IE
EEtran5\IEEEtran.cls"
Document Class: IEEEtran 2012/11/21 V1.8c by Harald Hanche-Olsen and Anders Chr
istensen
-- Based on V1.7a by Michael Shell
-- See the "IEEEtran_HOWTO" manual for usage information.
-- http://www.michaelshell.org/tex/ieeetran/
\@IEEEtrantmpdimenA=\dimen102
\@IEEEtrantmpdimenB=\dimen103
\@IEEEtrantmpcountA=\count79
\@IEEEtrantmpcountB=\count80
\@IEEEtrantmptoksA=\toks14
LaTeX Font Info:    Try loading font information for OT1+ptm on input line 373.

("C:\Program Files (x86)\MiKTeX 2.9\tex\latex\psnfss\ot1ptm.fd"
File: ot1ptm.fd 2001/06/04 font definitions for OT1/ptm.
)
-- Using 8.5in x 11in (letter) paper.
-- Using PDF output.
\@IEEEnormalsizeunitybaselineskip=\dimen104
-- This is a 10 point document.
\CLASSINFOnormalsizebaselineskip=\dimen105
\CLASSINFOnormalsizeunitybaselineskip=\dimen106
\IEEEnormaljot=\dimen107
LaTeX Font Info:    Font shape `OT1/ptm/bx/n' in size <5> not available
(Font)              Font shape `OT1/ptm/b/n' tried instead on input line 731.
LaTeX Font Info:    Font shape `OT1/ptm/bx/it' in size <5> not available
(Font)              Font shape `OT1/ptm/b/it' tried instead on input line 731.
LaTeX Font Info:    Font shape `OT1/ptm/bx/n' in size <7> not available
(Font)              Font shape `OT1/ptm/b/n' tried instead on input line 731.
LaTeX Font Info:    Font shape `OT1/ptm/bx/it' in size <7> not available
(Font)              Font shape `OT1/ptm/b/it' tried instead on input line 731.
LaTeX Font Info:    Font shape `OT1/ptm/bx/n' in size <8> not available
(Font)              Font shape `OT1/ptm/b/n' tried instead on input line 731.
LaTeX Font Info:    Font shape `OT1/ptm/bx/it' in size <8> not available
(Font)              Font shape `OT1/ptm/b/it' tried instead on input line 731.
LaTeX Font Info:    Font shape `OT1/ptm/bx/n' in size <9> not available
(Font)              Font shape `OT1/ptm/b/n' tried instead on input line 731.
LaTeX Font Info:    Font shape `OT1/ptm/bx/it' in size <9> not available
(Font)              Font shape `OT1/ptm/b/it' tried instead on input line 731.
LaTeX Font Info:    Font shape `OT1/ptm/bx/n' in size <10> not available
(Font)              Font shape `OT1/ptm/b/n' tried instead on input line 731.
LaTeX Font Info:    Font shape `OT1/ptm/bx/it' in size <10> not available
(Font)              Font shape `OT1/ptm/b/it' tried instead on input line 731.
LaTeX Font Info:    Font shape `OT1/ptm/bx/n' in size <11> not available
(Font)              Font shape `OT1/ptm/b/n' tried instead on input line 731.
LaTeX Font Info:    Font shape `OT1/ptm/bx/it' in size <11> not available
(Font)              Font shape `OT1/ptm/b/it' tried instead on input line 731.
LaTeX Font Info:    Font shape `OT1/ptm/bx/n' in size <12> not available
(Font)              Font shape `OT1/ptm/b/n' tried instead on input line 731.
LaTeX Font Info:    Font shape `OT1/ptm/bx/it' in size <12> not available
(Font)              Font shape `OT1/ptm/b/it' tried instead on input line 731.
LaTeX Font Info:    Font shape `OT1/ptm/bx/n' in size <17> not available
(Font)              Font shape `OT1/ptm/b/n' tried instead on input line 731.
LaTeX Font Info:    Font shape `OT1/ptm/bx/it' in size <17> not available
(Font)              Font shape `OT1/ptm/b/it' tried instead on input line 731.
LaTeX Font Info:    Font shape `OT1/ptm/bx/n' in size <20> not available
(Font)              Font shape `OT1/ptm/b/n' tried instead on input line 731.
LaTeX Font Info:    Font shape `OT1/ptm/bx/it' in size <20> not available
(Font)              Font shape `OT1/ptm/b/it' tried instead on input line 731.
LaTeX Font Info:    Font shape `OT1/ptm/bx/n' in size <24> not available
(Font)              Font shape `OT1/ptm/b/n' tried instead on input line 731.
LaTeX Font Info:    Font shape `OT1/ptm/bx/it' in size <24> not available
(Font)              Font shape `OT1/ptm/b/it' tried instead on input line 731.
\IEEEilabelindentA=\dimen108
\IEEEilabelindentB=\dimen109
\IEEEilabelindent=\dimen110
\IEEEelabelindent=\dimen111
\IEEEdlabelindent=\dimen112
\IEEElabelindent=\dimen113
\IEEEiednormlabelsep=\dimen114
\IEEEiedmathlabelsep=\dimen115
\IEEEiedtopsep=\skip41
\c@section=\count81
\c@subsection=\count82
\c@subsubsection=\count83
\c@paragraph=\count84
\c@IEEEsubequation=\count85
\abovecaptionskip=\skip42
\belowcaptionskip=\skip43
\c@figure=\count86
\c@table=\count87
\@IEEEeqnnumcols=\count88
\@IEEEeqncolcnt=\count89
\@IEEEtmpitemindent=\dimen116
\c@IEEEbiography=\count90
\@IEEEtranrubishbin=\box26
) ("C:\Program Files (x86)\MiKTeX 2.9\tex\latex\graphics\graphicx.sty"
Package: graphicx 1999/02/16 v1.0f Enhanced LaTeX Graphics (DPC,SPQR)

("C:\Program Files (x86)\MiKTeX 2.9\tex\latex\graphics\keyval.sty"
Package: keyval 1999/03/16 v1.13 key=value parser (DPC)
\KV@toks@=\toks15
)
("C:\Program Files (x86)\MiKTeX 2.9\tex\latex\graphics\graphics.sty"
Package: graphics 2009/02/05 v1.0o Standard LaTeX Graphics (DPC,SPQR)

("C:\Program Files (x86)\MiKTeX 2.9\tex\latex\graphics\trig.sty"
Package: trig 1999/03/16 v1.09 sin cos tan (DPC)
)
("C:\Program Files (x86)\MiKTeX 2.9\tex\latex\00miktex\graphics.cfg"
File: graphics.cfg 2007/01/18 v1.5 graphics configuration of teTeX/TeXLive
)
Package graphics Info: Driver file: pdftex.def on input line 91.

("C:\Program Files (x86)\MiKTeX 2.9\tex\latex\pdftex-def\pdftex.def"
File: pdftex.def 2011/05/27 v0.06d Graphics/color for pdfTeX

("C:\Program Files (x86)\MiKTeX 2.9\tex\generic\oberdiek\infwarerr.sty"
Package: infwarerr 2010/04/08 v1.3 Providing info/warning/message (HO)
)
("C:\Program Files (x86)\MiKTeX 2.9\tex\generic\oberdiek\ltxcmds.sty"
Package: ltxcmds 2011/04/18 v1.20 LaTeX kernel commands for general use (HO)
)
\Gread@gobject=\count91
))
\Gin@req@height=\dimen117
\Gin@req@width=\dimen118
)

! LaTeX Error: File `caption.sty' not found.

Type X to quit or <RETURN> to proceed,
or enter new name. (Default extension: sty)

Enter file name: 

! LaTeX Error: File `subcaption.sty' not found.

Type X to quit or <RETURN> to proceed,
or enter new name. (Default extension: sty)

Enter file name: 

! LaTeX Error: File `subfig.sty' not found.

Type X to quit or <RETURN> to proceed,
or enter new name. (Default extension: sty)

Enter file name: 
("C:\Program Files (x86)\MiKTeX 2.9\tex\latex\tools\tabularx.sty"
Package: tabularx 1999/01/07 v2.07 `tabularx' package (DPC)

("C:\Program Files (x86)\MiKTeX 2.9\tex\latex\tools\array.sty"
Package: array 2008/09/09 v2.4c Tabular extension package (FMi)
\col@sep=\dimen119
\extrarowheight=\dimen120
\NC@list=\toks16
\extratabsurround=\skip44
\backup@length=\skip45
)
\TX@col@width=\dimen121
\TX@old@table=\dimen122
\TX@old@col=\dimen123
\TX@target=\dimen124
\TX@delta=\dimen125
\TX@cols=\count92
\TX@ftn=\toks17
)

! LaTeX Error: File `mathtools.sty' not found.

Type X to quit or <RETURN> to proceed,
or enter new name. (Default extension: sty)

Enter file name: 
("C:\Program Files (x86)\MiKTeX 2.9\tex\latex\amsfonts\euscript.sty"
Package: euscript 2009/06/22 v3.00 Euler Script fonts
LaTeX Font Info:    Overwriting math alphabet `\EuScript' in version `bold'
(Font)                  U/eus/m/n --> U/eus/b/n on input line 33.
)

! LaTeX Error: File `bbm.sty' not found.

Type X to quit or <RETURN> to proceed,
or enter new name. (Default extension: sty)

Enter file name: 
("C:\Program Files (x86)\MiKTeX 2.9\tex\latex\ams\math\amsbsy.sty"
Package: amsbsy 1999/11/29 v1.2d

("C:\Program Files (x86)\MiKTeX 2.9\tex\latex\ams\math\amsgen.sty"
File: amsgen.sty 1999/11/30 v2.0
\@emptytoks=\toks18
\ex@=\dimen126
)
\pmbraise@=\dimen127
)
("C:\Program Files (x86)\MiKTeX 2.9\tex\latex\ams\math\amsmath.sty"
Package: amsmath 2000/07/18 v2.13 AMS math features
\@mathmargin=\skip46

For additional information on amsmath, use the `?' option.
("C:\Program Files (x86)\MiKTeX 2.9\tex\latex\ams\math\amstext.sty"
Package: amstext 2000/06/29 v2.01
)
("C:\Program Files (x86)\MiKTeX 2.9\tex\latex\ams\math\amsopn.sty"
Package: amsopn 1999/12/14 v2.01 operator names
)
\inf@bad=\count93
LaTeX Info: Redefining \frac on input line 211.
\uproot@=\count94
\leftroot@=\count95
LaTeX Info: Redefining \overline on input line 307.
\classnum@=\count96
\DOTSCASE@=\count97
LaTeX Info: Redefining \ldots on input line 379.
LaTeX Info: Redefining \dots on input line 382.
LaTeX Info: Redefining \cdots on input line 467.
\Mathstrutbox@=\box27
\strutbox@=\box28
\big@size=\dimen128
LaTeX Font Info:    Redeclaring font encoding OML on input line 567.
LaTeX Font Info:    Redeclaring font encoding OMS on input line 568.
\macc@depth=\count98
\c@MaxMatrixCols=\count99
\dotsspace@=\muskip10
\c@parentequation=\count100
\dspbrk@lvl=\count101
\tag@help=\toks19
\row@=\count102
\column@=\count103
\maxfields@=\count104
\andhelp@=\toks20
\eqnshift@=\dimen129
\alignsep@=\dimen130
\tagshift@=\dimen131
\tagwidth@=\dimen132
\totwidth@=\dimen133
\lineht@=\dimen134
\@envbody=\toks21
\multlinegap=\skip47
\multlinetaggap=\skip48
\mathdisplay@stack=\toks22
LaTeX Info: Redefining \[ on input line 2666.
LaTeX Info: Redefining \] on input line 2667.
)
("C:\New folder (2)\Kolda Work\For Barna\Write-up-old\windows_latex_template\IE
EEtran5\algorithmic.sty"
Package: algorithmic 

Document Style `algorithmic' - environment
("C:\Program Files (x86)\MiKTeX 2.9\tex\latex\base\ifthen.sty"
Package: ifthen 2001/05/26 v1.1c Standard LaTeX ifthen package (DPC)
)
("C:\Program Files (x86)\MiKTeX 2.9\tex\latex\tools\calc.sty"
Package: calc 2007/08/22 v4.3 Infix arithmetic (KKT,FJ)
\calc@Acount=\count105
\calc@Bcount=\count106
\calc@Adimen=\dimen135
\calc@Bdimen=\dimen136
\calc@Askip=\skip49
\calc@Bskip=\skip50
LaTeX Info: Redefining \setlength on input line 76.
LaTeX Info: Redefining \addtolength on input line 77.
\calc@Ccount=\count107
\calc@Cskip=\skip51
)
\c@ALC@line=\count108
\c@ALC@rem=\count109
\ALC@tlm=\skip52
)
("C:\New folder (2)\Kolda Work\For Barna\Write-up-old\windows_latex_template\IE
EEtran5\algpseudocode.sty"
Package: algpseudocode 

("C:\New folder (2)\Kolda Work\For Barna\Write-up-old\windows_latex_template\IE
EEtran5\algorithmicx.sty"
Package: algorithmicx 2005/04/27 v1.2 Algorithmicx

Document Style algorithmicx 1.2 - a greatly improved `algorithmic' style
\c@ALG@line=\count110
\c@ALG@rem=\count111
\c@ALG@nested=\count112
\ALG@tlm=\skip53
\ALG@thistlm=\skip54
\c@ALG@Lnr=\count113
\c@ALG@blocknr=\count114
\c@ALG@storecount=\count115
\c@ALG@tmpcounter=\count116
\ALG@tmplength=\skip55

! LaTeX Error: Command \algorithmic already defined.
               Or name \end... illegal, see p.192 of the manual.

See the LaTeX manual or LaTeX Companion for explanation.
Type  H <return>  for immediate help.
 ...                                              
                                                  
l.112    }
          %
? 
)
Document Style - pseudocode environments for use with the `algorithmicx' style
)
("C:\New folder (2)\Kolda Work\For Barna\Write-up-old\windows_latex_template\IE
EEtran5\algorithm.sty"
Package: algorithm 

Document Style `algorithm' - floating environment
("C:\Program Files (x86)\MiKTeX 2.9\tex\latex\float\float.sty"
Package: float 2001/11/08 v1.3d Float enhancements (AL)
\c@float@type=\count117
\float@exts=\toks23
\float@box=\box29
\@float@everytoks=\toks24
\@floatcapt=\box30
)
\@float@every@algorithm=\toks25
\c@algorithm=\count118
)
("C:\New folder (2)\Kolda Work\For Barna\Write-up-old\windows_latex_template\IE
EEtran5\bare_conf.aux"

LaTeX Warning: Label `lamport94' multiply defined.


LaTeX Warning: Label `alg2' multiply defined.


LaTeX Warning: Label `alg2' multiply defined.


LaTeX Warning: Label `alg2' multiply defined.

)
LaTeX Font Info:    Checking defaults for OML/cmm/m/it on input line 360.
LaTeX Font Info:    ... okay on input line 360.
LaTeX Font Info:    Checking defaults for T1/cmr/m/n on input line 360.
LaTeX Font Info:    ... okay on input line 360.
LaTeX Font Info:    Checking defaults for OT1/cmr/m/n on input line 360.
LaTeX Font Info:    ... okay on input line 360.
LaTeX Font Info:    Checking defaults for OMS/cmsy/m/n on input line 360.
LaTeX Font Info:    ... okay on input line 360.
LaTeX Font Info:    Checking defaults for OMX/cmex/m/n on input line 360.
LaTeX Font Info:    ... okay on input line 360.
LaTeX Font Info:    Checking defaults for U/cmr/m/n on input line 360.
LaTeX Font Info:    ... okay on input line 360.
 ("C:\Program Files (x86)\MiKTeX 2.9\tex\context\base\supp-pdf.mkii"
[Loading MPS to PDF converter (version 2006.09.02).]
\scratchcounter=\count119
\scratchdimen=\dimen137
\scratchbox=\box31
\nofMPsegments=\count120
\nofMParguments=\count121
\everyMPshowfont=\toks26
\MPscratchCnt=\count122
\MPscratchDim=\dimen138
\MPnumerator=\count123
\makeMPintoPDFobject=\count124
\everyMPtoPDFconversion=\toks27
)

LaTeX Warning: No \author given.

! Undefined control sequence.
<recently read> \mathbb 
                        
l.409 ...re each $\mathbf{p}_v(i,1)$ is a $\mathbb
                                                  {R}$ value representing th...

? 

! Package amsmath Error: Erroneous nesting of equation structures;
(amsmath)                trying to recover with `aligned'.

See the amsmath package documentation for explanation.
Type  H <return>  for immediate help.
 ...                                              
                                                  
l.422 \end{align}
                 
? 
! Missing } inserted.
<inserted text> 
                }
l.422 \end{align}
                 
? 
! Missing $ inserted.
<inserted text> 
                $
l.422 \end{align}
                 
? 
! Extra }, or forgotten $.
\underset ...{\mathop {\kern \z@ #2}\limits _{#1}}
                                                  
l.422 \end{align}
                 
? 
! Missing $ inserted.
<inserted text> 
                $
l.422 \end{align}
                 
? 

! Package amsmath Error: Erroneous nesting of equation structures;
(amsmath)                trying to recover with `aligned'.

See the amsmath package documentation for explanation.
Type  H <return>  for immediate help.
 ...                                              
                                                  
l.445 \end{align}
                 
? 
! Missing } inserted.
<inserted text> 
                }
l.445 \end{align}
                 
? 

! LaTeX Error: \mathbf allowed only in math mode.

See the LaTeX manual or LaTeX Companion for explanation.
Type  H <return>  for immediate help.
 ...                                              
                                                  
l.445 \end{align}
                 
? 
! Missing $ inserted.
<inserted text> 
                $
l.445 \end{align}
                 
? 
! Extra }, or forgotten $.
\underset ...{\mathop {\kern \z@ #2}\limits _{#1}}
                                                  
l.445 \end{align}
                 
? 
! Missing $ inserted.
<inserted text> 
                $
l.445 \end{align}
                 
? 

! LaTeX Error: Lonely \item--perhaps a missing list environment.

See the LaTeX manual or LaTeX Companion for explanation.
Type  H <return>  for immediate help.
 ...                                              
                                                  
l.448 ...al labels) similar to \bibitem{lamport94}
                                                  :
? 
! Undefined control sequence.
<argument> \@listctr 
                     
l.448 ...al labels) similar to \bibitem{lamport94}
                                                  :
? 
! You can't use `\relax' after \the.
<recently read> \c@ 
                    
l.448 ...al labels) similar to \bibitem{lamport94}
                                                  :
? 

! Package amsmath Error: Erroneous nesting of equation structures;
(amsmath)                trying to recover with `aligned'.

See the amsmath package documentation for explanation.
Type  H <return>  for immediate help.
 ...                                              
                                                  
l.453 \end{align}
                 
? 
! Missing } inserted.
<inserted text> 
                }
l.453 \end{align}
                 
? 

! LaTeX Error: \mathbf allowed only in math mode.

See the LaTeX manual or LaTeX Companion for explanation.
Type  H <return>  for immediate help.
 ...                                              
                                                  
l.453 \end{align}
                 
? 
! Incomplete \ifodd; all text was ignored after line 453.
<inserted text> 
                \fi 
l.453 \end{align}
                 
? 
! Missing $ inserted.
<inserted text> 
                $
l.453 \end{align}
                 
? 
! Extra \fi.
\math@cr@@@ ...ef \next@ {&\kern -\alignsep@ }\fi 
                                                  \next@ \cr 
l.453 \end{align}
                 
? 
! Undefined control sequence.
\math@cr@@@ ...t@ {&\kern -\alignsep@ }\fi \next@ 
                                                  \cr 
l.453 \end{align}
                 
? 
! Missing { inserted.
<inserted text> 
                {
l.453 \end{align}
                 
? 
! Missing } inserted.
<inserted text> 
                }
l.453 \end{align}
                 
? 
! Missing { inserted.
<inserted text> 
                {
l.453 \end{align}
                 
? 
Missing character: There is no â in font ptmr7t!
Missing character: There is no € in font ptmr7t!
Missing character: There is no ™ in font ptmr7t!
[1{C:/ProgramData/MiKTeX/2.9/pdftex/config/pdftex.map}


]
! Undefined control sequence.
<argument> ...(e)\in [0,1] & \\ P(v,a)\in \mathbb 
                                                  {R} 
l.494 \end{align}
                 
? 
! Undefined control sequence.
<argument> ...(e)\in [0,1] & \\ P(v,a)\in \mathbb 
                                                  {R} 
l.494 \end{align}
                 
? 
LaTeX Font Info:    Try loading font information for U+eus on input line 497.
("C:\Program Files (x86)\MiKTeX 2.9\tex\latex\amsfonts\ueus.fd"
File: ueus.fd 2009/06/22 v3.00 Euler Script
)

! LaTeX Error: Something's wrong--perhaps a missing \item.

See the LaTeX manual or LaTeX Companion for explanation.
Type  H <return>  for immediate help.
 ...                                              
                                                  
l.546 \ENDFOR
             
? 
! Undefined control sequence.
l.563 \RETURN
              \textbf{return} $\mathscr{H}\cup \mathscr{C}_{small}
? 
! Missing number, treated as zero.
<to be read again> 
                   \ALG@currentblock@0 
l.565 \end{algorithmic}
                       
? 
! Missing = inserted for \ifnum.
<to be read again> 
                   \ALG@currentblock@0 
l.565 \end{algorithmic}
                       
? 
! Missing number, treated as zero.
<to be read again> 
                   \ALG@currentblock@0 
l.565 \end{algorithmic}
                       
? 
! Missing $ inserted.
<inserted text> 
                $
l.585 ...\geq \mathbf{\bar{r}}^{1}(a)$) and ((\sum
                                                  _{s \in \mathscr{C}_{small...

? 

Underfull \hbox (badness 7869) in paragraph at lines 585--586
[] []\OT1/ptm/b/n/10 while \OT1/ptm/m/n/10 ($[][] \OT1/cmr/bx/n/10 M[]\OT1/cmr/
m/n/10 (\OML/cmm/m/it/10 S; a\OT1/cmr/m/n/10 )\OT1/cmr/bx/n/10 y[] \OMS/cmsy/m/
n/10  []\OT1/cmr/m/n/10 (\OML/cmm/m/it/10 a\OT1/cmr/m/n/10 )$\OT1/ptm/m/n/10 )
 and
 []

! Undefined control sequence.
<recently read> \RETURN 
                        
l.589 \RETURN
              \textbf{return} $\mathscr{C}_{small}$
? 
! Missing number, treated as zero.
<to be read again> 
                   \ALG@currentblock@0 
l.591 \end{algorithmic}
                       
? 
! Missing = inserted for \ifnum.
<to be read again> 
                   \ALG@currentblock@0 
l.591 \end{algorithmic}
                       
? 
! Missing number, treated as zero.
<to be read again> 
                   \ALG@currentblock@0 
l.591 \end{algorithmic}
                       
? 
! Undefined control sequence.
<recently read> \RETURN 
                        
l.615 \RETURN
              \textbf{return} $\mathscr{C}_{big}$
? 
! Missing number, treated as zero.
<to be read again> 
                   \ALG@currentblock@0 
l.617 \end{algorithmic}
                       
? 
! Missing = inserted for \ifnum.
<to be read again> 
                   \ALG@currentblock@0 
l.617 \end{algorithmic}
                       
? 
! Missing number, treated as zero.
<to be read again> 
                   \ALG@currentblock@0 
l.617 \end{algorithmic}
                       
? 
! Missing $ inserted.
<inserted text> 
                $
l.637 ...\geq \mathbf{\bar{r}}^{1}(a)$) and ((\sum
                                                  _{s \in \mathscr{C}_{small...

? 

Underfull \hbox (badness 7869) in paragraph at lines 637--638
[] []\OT1/ptm/b/n/10 while \OT1/ptm/m/n/10 ($[][] \OT1/cmr/bx/n/10 M[]\OT1/cmr/
m/n/10 (\OML/cmm/m/it/10 S; a\OT1/cmr/m/n/10 )\OT1/cmr/bx/n/10 y[] \OMS/cmsy/m/
n/10  []\OT1/cmr/m/n/10 (\OML/cmm/m/it/10 a\OT1/cmr/m/n/10 )$\OT1/ptm/m/n/10 )
 and
 []

! Undefined control sequence.
<recently read> \RETURN 
                        
l.641 \RETURN
              \textbf{return} $\mathscr{C}_{small}$
? 
! Missing number, treated as zero.
<to be read again> 
                   \ALG@currentblock@0 
l.643 \end{algorithmic}
                       
? 
! Missing = inserted for \ifnum.
<to be read again> 
                   \ALG@currentblock@0 
l.643 \end{algorithmic}
                       
? 
! Missing number, treated as zero.
<to be read again> 
                   \ALG@currentblock@0 
l.643 \end{algorithmic}
                       
? 
Missing character: There is no â in font ptmr7t!
Missing character: There is no € in font ptmr7t!
Missing character: There is no ” in font ptmr7t!
Missing character: There is no Ã in font ptmr7t!
Missing character: There is no ¶ in font ptmr7t!

** Conference Paper **
Before submitting the final camera ready copy, remember to:

 1. Manually equalize the lengths of two columns on the last page
 of your paper;

 2. Ensure that any PostScript and/or PDF output post-processing
 uses only Type 1 fonts and that every step in the generation
 process uses the appropriate paper size.

[2] [3]
("C:\New folder (2)\Kolda Work\For Barna\Write-up-old\windows_latex_template\IE
EEtran5\bare_conf.aux")

LaTeX Warning: There were multiply-defined labels.

 ) 
Here is how much of TeX's memory you used:
 3280 strings out of 494045
 47877 string characters out of 3145956
 131254 words of memory out of 3000000
 6548 multiletter control sequences out of 15000+200000
 36153 words of font info for 71 fonts, out of 3000000 for 9000
 718 hyphenation exceptions out of 8191
 27i,12n,22p,1651b,513s stack positions out of 5000i,500n,10000p,200000b,50000s
{C:/Program Files (x86)/MiKTeX 2.9/fonts/enc/dvips/fontname/8r.enc}<C:/Progra
m Files (x86)/MiKTeX 2.9/fonts/type1/public/amsfonts/cm/cmbx10.pfb><C:/Program 
Files (x86)/MiKTeX 2.9/fonts/type1/public/amsfonts/cm/cmbx7.pfb><C:/Program Fil
es (x86)/MiKTeX 2.9/fonts/type1/public/amsfonts/cm/cmex10.pfb><C:/Program Files
 (x86)/MiKTeX 2.9/fonts/type1/public/amsfonts/cm/cmmi10.pfb><C:/Program Files (
x86)/MiKTeX 2.9/fonts/type1/public/amsfonts/cm/cmmi5.pfb><C:/Program Files (x86
)/MiKTeX 2.9/fonts/type1/public/amsfonts/cm/cmmi7.pfb><C:/Program Files (x86)/M
iKTeX 2.9/fonts/type1/public/amsfonts/cm/cmr10.pfb><C:/Program Files (x86)/MiKT
eX 2.9/fonts/type1/public/amsfonts/cm/cmr5.pfb><C:/Program Files (x86)/MiKTeX 2
.9/fonts/type1/public/amsfonts/cm/cmr7.pfb><C:/Program Files (x86)/MiKTeX 2.9/f
onts/type1/public/amsfonts/cm/cmsy10.pfb><C:/Program Files (x86)/MiKTeX 2.9/fon
ts/type1/public/amsfonts/cm/cmsy7.pfb><C:/Program Files (x86)/MiKTeX 2.9/fonts/
type1/public/amsfonts/euler/eusm10.pfb><C:/Program Files (x86)/MiKTeX 2.9/fonts
/type1/public/amsfonts/euler/eusm7.pfb><C:/Program Files (x86)/MiKTeX 2.9/fonts
/type1/urw/times/utmb8a.pfb><C:/Program Files (x86)/MiKTeX 2.9/fonts/type1/urw/
times/utmbi8a.pfb><C:/Program Files (x86)/MiKTeX 2.9/fonts/type1/urw/times/utmr
8a.pfb><C:/Program Files (x86)/MiKTeX 2.9/fonts/type1/urw/times/utmri8a.pfb>
Output written on bare_conf.pdf (3 pages, 198964 bytes).
PDF statistics:
 81 PDF objects out of 1000 (max. 8388607)
 0 named destinations out of 1000 (max. 500000)
 1 words of extra memory for PDF output out of 10000 (max. 10000000)

